<?xml version="1.0" encoding="UTF-8"?>
<testsuite name="H2JdbcDatabaseTest" tests="5" skipped="0" failures="0" errors="0" timestamp="2015-11-10T22:24:25" hostname="JohanLaptop" time="0.353">
  <properties/>
  <testcase name="nestedTransactionsCommit" classname="H2JdbcDatabaseTest" time="0.265"/>
  <testcase name="emptyTransaction" classname="H2JdbcDatabaseTest" time="0.014"/>
  <testcase name="insertWithGeneratedKeys" classname="H2JdbcDatabaseTest" time="0.043"/>
  <testcase name="transactionCommits" classname="H2JdbcDatabaseTest" time="0.017"/>
  <testcase name="danglingTransactionThrows" classname="H2JdbcDatabaseTest" time="0.013"/>
  <system-out><![CDATA[]]></system-out>
  <system-err><![CDATA[]]></system-err>
</testsuite>
