<?xml version="1.0" encoding="UTF-8"?>
<testsuite name="SqliteJdbcDatabaseTest" tests="5" skipped="0" failures="0" errors="0" timestamp="2015-11-10T22:24:25" hostname="JohanLaptop" time="0.614">
  <properties/>
  <testcase name="nestedTransactionsCommit" classname="SqliteJdbcDatabaseTest" time="0.539"/>
  <testcase name="emptyTransaction" classname="SqliteJdbcDatabaseTest" time="0.003"/>
  <testcase name="insertWithGeneratedKeys" classname="SqliteJdbcDatabaseTest" time="0.037"/>
  <testcase name="transactionCommits" classname="SqliteJdbcDatabaseTest" time="0.031"/>
  <testcase name="danglingTransactionThrows" classname="SqliteJdbcDatabaseTest" time="0.002"/>
  <system-out><![CDATA[]]></system-out>
  <system-err><![CDATA[]]></system-err>
</testsuite>
