<?xml version="1.0" encoding="UTF-8"?>
<testsuite name="com.devexed.dbsource.H2JdbcDatabaseTest" tests="5" skipped="0" failures="0" errors="0" timestamp="2015-11-10T22:41:15" hostname="JohanLaptop" time="0.337">
  <properties/>
  <testcase name="nestedTransactionsCommit" classname="com.devexed.dbsource.H2JdbcDatabaseTest" time="0.25"/>
  <testcase name="emptyTransaction" classname="com.devexed.dbsource.H2JdbcDatabaseTest" time="0.016"/>
  <testcase name="insertWithGeneratedKeys" classname="com.devexed.dbsource.H2JdbcDatabaseTest" time="0.041"/>
  <testcase name="transactionCommits" classname="com.devexed.dbsource.H2JdbcDatabaseTest" time="0.016"/>
  <testcase name="danglingTransactionThrows" classname="com.devexed.dbsource.H2JdbcDatabaseTest" time="0.012"/>
  <system-out><![CDATA[]]></system-out>
  <system-err><![CDATA[]]></system-err>
</testsuite>
