<?xml version="1.0" encoding="UTF-8"?>
<testsuite name="com.devexed.dbsource.SqliteJdbcDatabaseTest" tests="5" skipped="0" failures="0" errors="0" timestamp="2015-11-10T22:41:15" hostname="JohanLaptop" time="0.667">
  <properties/>
  <testcase name="nestedTransactionsCommit" classname="com.devexed.dbsource.SqliteJdbcDatabaseTest" time="0.586"/>
  <testcase name="emptyTransaction" classname="com.devexed.dbsource.SqliteJdbcDatabaseTest" time="0.003"/>
  <testcase name="insertWithGeneratedKeys" classname="com.devexed.dbsource.SqliteJdbcDatabaseTest" time="0.04"/>
  <testcase name="transactionCommits" classname="com.devexed.dbsource.SqliteJdbcDatabaseTest" time="0.034"/>
  <testcase name="danglingTransactionThrows" classname="com.devexed.dbsource.SqliteJdbcDatabaseTest" time="0.003"/>
  <system-out><![CDATA[]]></system-out>
  <system-err><![CDATA[]]></system-err>
</testsuite>
